<?xml version="1.0" encoding="UTF-8"?>
<testng-results ignored="0" total="1" passed="1" failed="0" skipped="0">
  <reporter-output>
  </reporter-output>
  <suite started-at="2021-12-17T17:02:54 IST" name="Default suite" finished-at="2021-12-17T17:03:07 IST" duration-ms="13687">
    <groups>
    </groups>
    <test started-at="2021-12-17T17:02:54 IST" name="Default test" finished-at="2021-12-17T17:03:07 IST" duration-ms="13687">
      <class name="PageFactory.LoginPage_PF">
        <test-method signature="TestValidLogin()[pri:0, instance:PageFactory.LoginPage_PF@2ef3eef9]" started-at="2021-12-17T17:02:54 IST" name="TestValidLogin" finished-at="2021-12-17T17:03:07 IST" duration-ms="13575" status="PASS">
          <reporter-output>
          </reporter-output>
        </test-method> <!-- TestValidLogin -->
      </class> <!-- PageFactory.LoginPage_PF -->
    </test> <!-- Default test -->
  </suite> <!-- Default suite -->
</testng-results>
